<?xml version="1.0" encoding="UTF-8"?>
<testsuite xmlns:xsi="http://www.w3.org/2001/XMLSchema-instance" xsi:noNamespaceSchemaLocation="https://maven.apache.org/surefire/maven-surefire-plugin/xsd/surefire-test-report.xsd" name="testng.TestNgRunner" time="0.193" tests="4" errors="0" skipped="0" failures="0">
  <properties>
    <property name="java.specification.version" value="21"/>
    <property name="sun.jnu.encoding" value="UTF-8"/>
    <property name="java.class.path" value="/Users/dariakornieva/Java_AT/UnitTestsDummy/target/test-classes:/Users/dariakornieva/Java_AT/UnitTestsDummy/target/classes:/Users/dariakornieva/.m2/repository/junit/junit/4.13.2/junit-4.13.2.jar:/Users/dariakornieva/.m2/repository/org/hamcrest/hamcrest-core/1.3/hamcrest-core-1.3.jar:/Users/dariakornieva/.m2/repository/org/testng/testng/7.7.0/testng-7.7.0.jar:/Users/dariakornieva/.m2/repository/org/slf4j/slf4j-api/1.7.36/slf4j-api-1.7.36.jar:/Users/dariakornieva/.m2/repository/org/webjars/jquery/3.6.1/jquery-3.6.1.jar:/Users/dariakornieva/.m2/repository/com/beust/jcommander/1.81/jcommander-1.81.jar:/Users/dariakornieva/.m2/repository/com/google/inject/guice/4.2.3/guice-4.2.3.jar:/Users/dariakornieva/.m2/repository/javax/inject/javax.inject/1/javax.inject-1.jar:/Users/dariakornieva/.m2/repository/aopalliance/aopalliance/1.0/aopalliance-1.0.jar:/Users/dariakornieva/.m2/repository/com/google/guava/guava/27.1-jre/guava-27.1-jre.jar:/Users/dariakornieva/.m2/repository/com/google/guava/failureaccess/1.0.1/failureaccess-1.0.1.jar:/Users/dariakornieva/.m2/repository/com/google/guava/listenablefuture/9999.0-empty-to-avoid-conflict-with-guava/listenablefuture-9999.0-empty-to-avoid-conflict-with-guava.jar:/Users/dariakornieva/.m2/repository/com/google/code/findbugs/jsr305/3.0.2/jsr305-3.0.2.jar:/Users/dariakornieva/.m2/repository/org/checkerframework/checker-qual/2.5.2/checker-qual-2.5.2.jar:/Users/dariakornieva/.m2/repository/com/google/errorprone/error_prone_annotations/2.2.0/error_prone_annotations-2.2.0.jar:/Users/dariakornieva/.m2/repository/com/google/j2objc/j2objc-annotations/1.1/j2objc-annotations-1.1.jar:/Users/dariakornieva/.m2/repository/org/codehaus/mojo/animal-sniffer-annotations/1.17/animal-sniffer-annotations-1.17.jar:/Users/dariakornieva/.m2/repository/ch/qos/logback/logback-classic/1.5.3/logback-classic-1.5.3.jar:/Users/dariakornieva/.m2/repository/ch/qos/logback/logback-core/1.5.3/logback-core-1.5.3.jar:"/>
    <property name="java.vm.vendor" value="Oracle Corporation"/>
    <property name="sun.arch.data.model" value="64"/>
    <property name="java.vendor.url" value="https://java.oracle.com/"/>
    <property name="os.name" value="Mac OS X"/>
    <property name="java.vm.specification.version" value="21"/>
    <property name="sun.java.launcher" value="SUN_STANDARD"/>
    <property name="user.country" value="US"/>
    <property name="sun.boot.library.path" value="/Library/Java/JavaVirtualMachines/jdk-21.0.2.jdk/Contents/Home/lib"/>
    <property name="sun.java.command" value="/Users/dariakornieva/Java_AT/UnitTestsDummy/target/surefire/surefirebooter4479065188097147012.jar /Users/dariakornieva/Java_AT/UnitTestsDummy/target/surefire 2024-04-05T02-02-49_314-jvmRun1 surefire4722310933110412056tmp surefire_018237686792458124702tmp"/>
    <property name="http.nonProxyHosts" value="local|*.local|169.254/16|*.169.254/16"/>
    <property name="jdk.debug" value="release"/>
    <property name="surefire.test.class.path" value="/Users/dariakornieva/Java_AT/UnitTestsDummy/target/test-classes:/Users/dariakornieva/Java_AT/UnitTestsDummy/target/classes:/Users/dariakornieva/.m2/repository/junit/junit/4.13.2/junit-4.13.2.jar:/Users/dariakornieva/.m2/repository/org/hamcrest/hamcrest-core/1.3/hamcrest-core-1.3.jar:/Users/dariakornieva/.m2/repository/org/testng/testng/7.7.0/testng-7.7.0.jar:/Users/dariakornieva/.m2/repository/org/slf4j/slf4j-api/1.7.36/slf4j-api-1.7.36.jar:/Users/dariakornieva/.m2/repository/org/webjars/jquery/3.6.1/jquery-3.6.1.jar:/Users/dariakornieva/.m2/repository/com/beust/jcommander/1.81/jcommander-1.81.jar:/Users/dariakornieva/.m2/repository/com/google/inject/guice/4.2.3/guice-4.2.3.jar:/Users/dariakornieva/.m2/repository/javax/inject/javax.inject/1/javax.inject-1.jar:/Users/dariakornieva/.m2/repository/aopalliance/aopalliance/1.0/aopalliance-1.0.jar:/Users/dariakornieva/.m2/repository/com/google/guava/guava/27.1-jre/guava-27.1-jre.jar:/Users/dariakornieva/.m2/repository/com/google/guava/failureaccess/1.0.1/failureaccess-1.0.1.jar:/Users/dariakornieva/.m2/repository/com/google/guava/listenablefuture/9999.0-empty-to-avoid-conflict-with-guava/listenablefuture-9999.0-empty-to-avoid-conflict-with-guava.jar:/Users/dariakornieva/.m2/repository/com/google/code/findbugs/jsr305/3.0.2/jsr305-3.0.2.jar:/Users/dariakornieva/.m2/repository/org/checkerframework/checker-qual/2.5.2/checker-qual-2.5.2.jar:/Users/dariakornieva/.m2/repository/com/google/errorprone/error_prone_annotations/2.2.0/error_prone_annotations-2.2.0.jar:/Users/dariakornieva/.m2/repository/com/google/j2objc/j2objc-annotations/1.1/j2objc-annotations-1.1.jar:/Users/dariakornieva/.m2/repository/org/codehaus/mojo/animal-sniffer-annotations/1.17/animal-sniffer-annotations-1.17.jar:/Users/dariakornieva/.m2/repository/ch/qos/logback/logback-classic/1.5.3/logback-classic-1.5.3.jar:/Users/dariakornieva/.m2/repository/ch/qos/logback/logback-core/1.5.3/logback-core-1.5.3.jar:"/>
    <property name="sun.cpu.endian" value="little"/>
    <property name="user.home" value="/Users/dariakornieva"/>
    <property name="user.language" value="en"/>
    <property name="java.specification.vendor" value="Oracle Corporation"/>
    <property name="java.version.date" value="2024-01-16"/>
    <property name="java.home" value="/Library/Java/JavaVirtualMachines/jdk-21.0.2.jdk/Contents/Home"/>
    <property name="file.separator" value="/"/>
    <property name="basedir" value="/Users/dariakornieva/Java_AT/UnitTestsDummy"/>
    <property name="java.vm.compressedOopsMode" value="Zero based"/>
    <property name="line.separator" value="&#10;"/>
    <property name="java.vm.specification.vendor" value="Oracle Corporation"/>
    <property name="java.specification.name" value="Java Platform API Specification"/>
    <property name="apple.awt.application.name" value="ForkedBooter"/>
    <property name="surefire.real.class.path" value="/Users/dariakornieva/Java_AT/UnitTestsDummy/target/surefire/surefirebooter4479065188097147012.jar"/>
    <property name="sun.management.compiler" value="HotSpot 64-Bit Tiered Compilers"/>
    <property name="ftp.nonProxyHosts" value="local|*.local|169.254/16|*.169.254/16"/>
    <property name="java.runtime.version" value="21.0.2+13-58"/>
    <property name="user.name" value="dariakornieva"/>
    <property name="stdout.encoding" value="UTF-8"/>
    <property name="path.separator" value=":"/>
    <property name="os.version" value="14.2.1"/>
    <property name="java.runtime.name" value="OpenJDK Runtime Environment"/>
    <property name="file.encoding" value="UTF-8"/>
    <property name="java.vm.name" value="OpenJDK 64-Bit Server VM"/>
    <property name="localRepository" value="/Users/dariakornieva/.m2/repository"/>
    <property name="java.vendor.url.bug" value="https://bugreport.java.com/bugreport/"/>
    <property name="java.io.tmpdir" value="/var/folders/n5/fsrmvn8d7t10q_lt5frm7x9r0000gn/T/"/>
    <property name="java.version" value="21.0.2"/>
    <property name="user.dir" value="/Users/dariakornieva/Java_AT/UnitTestsDummy"/>
    <property name="os.arch" value="aarch64"/>
    <property name="java.vm.specification.name" value="Java Virtual Machine Specification"/>
    <property name="native.encoding" value="UTF-8"/>
    <property name="java.library.path" value="/Users/dariakornieva/Library/Java/Extensions:/Library/Java/Extensions:/Network/Library/Java/Extensions:/System/Library/Java/Extensions:/usr/lib/java:."/>
    <property name="java.vm.info" value="mixed mode, sharing"/>
    <property name="stderr.encoding" value="UTF-8"/>
    <property name="java.vendor" value="Oracle Corporation"/>
    <property name="java.vm.version" value="21.0.2+13-58"/>
    <property name="sun.io.unicode.encoding" value="UnicodeBig"/>
    <property name="socksNonProxyHosts" value="local|*.local|169.254/16|*.169.254/16"/>
    <property name="java.class.version" value="65.0"/>
  </properties>
  <testcase name="verifyAddMethod" classname="testng.TestNgRunner" time="0.003"/>
  <testcase name="verifyDivideMethod" classname="testng.TestNgRunner" time="0"/>
  <testcase name="verifyMultiplyMethod" classname="testng.TestNgRunner" time="0"/>
  <testcase name="verifySubtractMethod" classname="testng.TestNgRunner" time="0.001"/>
</testsuite>