<?xml version="1.0" encoding="UTF-8"?>
<!-- Generated by org.testng.reporters.JUnitReportReporter -->
<testsuite hostname="Daras-MacBook-Pro.local" failures="0" tests="4" name="testng.TestNgRunner" time="0.002" errors="0" timestamp="2024-04-05T02:02:50 EEST" skipped="0">
  <testcase classname="testng.TestNgRunner" name="verifySubtractMethod" time="0.000"/>
  <system-out/>
  <testcase classname="testng.TestNgRunner" name="verifyMultiplyMethod" time="0.000"/>
  <system-out/>
  <testcase classname="testng.TestNgRunner" name="verifyAddMethod" time="0.002"/>
  <system-out/>
  <testcase classname="testng.TestNgRunner" name="verifyDivideMethod" time="0.000"/>
  <system-out/>
</testsuite> <!-- testng.TestNgRunner -->
